0 info it worked if it ends with ok
1 verbose cli [ 'C:\\Program Files\\nodejs\\\\node.exe',
1 verbose cli   'C:\\Program Files\\nodejs\\node_modules\\npm\\bin\\npm-cli.js',
1 verbose cli   'install',
1 verbose cli   'angular-tooltip',
1 verbose cli   '--save' ]
2 info using npm@1.3.11
3 info using node@v0.10.21
4 verbose node symlink C:\Program Files\nodejs\\node.exe
5 verbose cache add [ 'angular-tooltip', null ]
6 verbose cache add name=undefined spec="angular-tooltip" args=["angular-tooltip",null]
7 verbose parsed url { protocol: null,
7 verbose parsed url   slashes: null,
7 verbose parsed url   auth: null,
7 verbose parsed url   host: null,
7 verbose parsed url   port: null,
7 verbose parsed url   hostname: null,
7 verbose parsed url   hash: null,
7 verbose parsed url   search: null,
7 verbose parsed url   query: null,
7 verbose parsed url   pathname: 'angular-tooltip',
7 verbose parsed url   path: 'angular-tooltip',
7 verbose parsed url   href: 'angular-tooltip' }
8 silly lockFile b0561b78-angular-tooltip angular-tooltip
9 verbose lock angular-tooltip C:\Users\StefanWermelinger\AppData\Roaming\npm-cache\b0561b78-angular-tooltip.lock
10 silly lockFile b0561b78-angular-tooltip angular-tooltip
11 silly lockFile b0561b78-angular-tooltip angular-tooltip
12 verbose addNamed [ 'angular-tooltip', '' ]
13 verbose addNamed [ null, '*' ]
14 silly lockFile 1144412f-angular-tooltip angular-tooltip@
15 verbose lock angular-tooltip@ C:\Users\StefanWermelinger\AppData\Roaming\npm-cache\1144412f-angular-tooltip.lock
16 silly addNameRange { name: 'angular-tooltip', range: '*', hasData: false }
17 verbose url raw angular-tooltip
18 verbose url resolving [ 'https://registry.npmjs.org/', './angular-tooltip' ]
19 verbose url resolved https://registry.npmjs.org/angular-tooltip
20 info trying registry request attempt 1 at 14:43:00
21 http GET https://registry.npmjs.org/angular-tooltip
22 http 404 https://registry.npmjs.org/angular-tooltip
23 silly registry.get cb [ 404,
23 silly registry.get   { 'content-type': 'application/json',
23 silly registry.get     'cache-control': 'max-age=0',
23 silly registry.get     'content-length': '2',
23 silly registry.get     'accept-ranges': 'bytes',
23 silly registry.get     date: 'Thu, 20 Aug 2015 12:42:56 GMT',
23 silly registry.get     via: '1.1 varnish',
23 silly registry.get     age: '0',
23 silly registry.get     connection: 'keep-alive',
23 silly registry.get     'x-served-by': 'cache-fra1221-FRA',
23 silly registry.get     'x-cache': 'MISS',
23 silly registry.get     'x-cache-hits': '0',
23 silly registry.get     'x-timer': 'S1440074575.941194,VS0,VE179' } ]
24 silly addNameRange number 2 { name: 'angular-tooltip', range: '*', hasData: true }
25 silly addNameRange versions [ undefined, [] ]
26 error TypeError: Cannot read property 'latest' of undefined
26 error     at next (C:\Program Files\nodejs\node_modules\npm\lib\cache.js:687:35)
26 error     at C:\Program Files\nodejs\node_modules\npm\lib\cache.js:675:5
26 error     at saved (C:\Program Files\nodejs\node_modules\npm\node_modules\npm-registry-client\lib\get.js:142:7)
26 error     at C:\Program Files\nodejs\node_modules\npm\node_modules\graceful-fs\polyfills.js:133:7
26 error     at Object.oncomplete (fs.js:107:15)
27 error If you need help, you may report this log at:
27 error     <http://github.com/isaacs/npm/issues>
27 error or email it to:
27 error     <npm-@googlegroups.com>
28 error System Windows_NT 6.1.7601
29 error command "C:\\Program Files\\nodejs\\\\node.exe" "C:\\Program Files\\nodejs\\node_modules\\npm\\bin\\npm-cli.js" "install" "angular-tooltip" "--save"
30 error cwd c:\Users\StefanWermelinger\Documents\AngularMy
31 error node -v v0.10.21
32 error npm -v 1.3.11
33 error type non_object_property_load
34 verbose exit [ 1, true ]
